
Showing logs for build [32mcb-kubecd-environment-pr-202-13-5qztp-1[0m stage [32mfrom-build-pack[0m and container [32mstep-credential-initializer-mjcjb[0m
{"level":"info","ts":1587029726.1594064,"logger":"fallback-logger","caller":"logging/config.go:69","msg":"Fetch GitHub commit ID from kodata failed: open /var/run/ko/refs/heads/0.8.0-ns-support: no such file or directory"}
{"level":"info","ts":1587029726.1602812,"logger":"fallback-logger","caller":"creds-init/main.go:40","msg":"Credentials initialized."}

Showing logs for build [32mcb-kubecd-environment-pr-202-13-5qztp-1[0m stage [32mfrom-build-pack[0m and container [32mstep-working-dir-initializer-bhghc[0m
{"level":"info","ts":1587029726.8632445,"logger":"fallback-logger","caller":"logging/config.go:69","msg":"Fetch GitHub commit ID from kodata failed: open /var/run/ko/HEAD: no such file or directory"}
{"level":"info","ts":1587029726.8660636,"logger":"fallback-logger","caller":"bash/main.go:64","msg":"Successfully executed command \"sh -c mkdir -p /workspace/source\"; output "}

Showing logs for build [32mcb-kubecd-environment-pr-202-13-5qztp-1[0m stage [32mfrom-build-pack[0m and container [32mstep-place-tools[0m

Showing logs for build [32mcb-kubecd-environment-pr-202-13-5qztp-1[0m stage [32mfrom-build-pack[0m and container [32mstep-git-source-cb-kubecd-environment-pr-202-13-5qztp-6tw8v[0m
{"level":"info","ts":1587029732.1149817,"logger":"fallback-logger","caller":"logging/config.go:69","msg":"Fetch GitHub commit ID from kodata failed: open /var/run/ko/refs/heads/0.8.0-ns-support: no such file or directory"}
{"level":"info","ts":1587029733.1674514,"logger":"fallback-logger","caller":"git/git.go:103","msg":"Successfully cloned https://github.com/cb-kubecd/environment-pr-202-13-boot-gke-staging.git @ master in path /workspace/source"}

Showing logs for build [32mcb-kubecd-environment-pr-202-13-5qztp-1[0m stage [32mfrom-build-pack[0m and container [32mstep-git-merge[0m
Using SHAs from PULL_REFS=master:d7c469f77d168366923828f3f149236658cac5e3,6:3695aa2148977c70ad4bc1f9be2ff52b7a87f17b
DEBUG: LC_ALL=C JX_LOG_LEVEL=error git fetch origin --unshallow 3695aa2148977c70ad4bc1f9be2ff52b7a87f17b: d7c469f77d168366923828f3f149236658cac5e3:
DEBUG: ran git fetch --unshallow origin 3695aa2148977c70ad4bc1f9be2ff52b7a87f17b: d7c469f77d168366923828f3f149236658cac5e3: in 
DEBUG: LC_ALL=C JX_LOG_LEVEL=error git branch
DEBUG: LC_ALL=C JX_LOG_LEVEL=error git checkout master
DEBUG: ran git checkout master in 
DEBUG: LC_ALL=C JX_LOG_LEVEL=error git reset --hard d7c469f77d168366923828f3f149236658cac5e3
DEBUG: ran git reset --hard d7c469f77d168366923828f3f149236658cac5e3 in 
DEBUG: LC_ALL=C JX_LOG_LEVEL=error git clean -fd .
DEBUG: ran clean --force -d . in 
DEBUG: LC_ALL=C JX_LOG_LEVEL=error git merge 3695aa2148977c70ad4bc1f9be2ff52b7a87f17b
DEBUG: ran git merge 3695aa2148977c70ad4bc1f9be2ff52b7a87f17b in 
DEBUG: LC_ALL=C JX_LOG_LEVEL=error git log --format=%H%x1f%an%x1f%ae%x1f%cn%x1f%ce%x1f%s%n%b%x1e d7c469f77d168366923828f3f149236658cac5e3..HEAD
Merged SHA 3695aa2148977c70ad4bc1f9be2ff52b7a87f17b with commit message 'chore: Promote bdd-sbrp-import-1587029191 to version 0.0.1' into base branch master

Showing logs for build [32mcb-kubecd-environment-pr-202-13-5qztp-1[0m stage [32mfrom-build-pack[0m and container [32mstep-build-helm-build[0m
WARNING: No $CHART_REPOSITORY defined so using the default value of: http://jenkins-x-chartmuseum:8080
Adding missing Helm repo: storage.googleapis.com https://storage.googleapis.com/chartmuseum.jenkins-x.io
WARNING: No secrets found on "helm/repos" due: reading the secret "helm/repos" from vault: no secret "helm/repos" not found in vault
Read credentials for https://storage.googleapis.com/chartmuseum.jenkins-x.io from vault helm/repos
Successfully added Helm repository storage.googleapis.com.
Adding missing Helm repo: jenkins-x-chartmuseum http://jenkins-x-chartmuseum:8080
WARNING: No secrets found on "helm/repos" due: reading the secret "helm/repos" from vault: no secret "helm/repos" not found in vault
Read credentials for http://jenkins-x-chartmuseum:8080 from vault helm/repos
Successfully added Helm repository jenkins-x-chartmuseum.
WARNING: No $CHART_REPOSITORY defined so using the default value of: http://jenkins-x-chartmuseum:8080
Adding missing Helm repo: chartmuseum.jenkins-x.io http://chartmuseum.jenkins-x.io
WARNING: No secrets found on "helm/repos" due: reading the secret "helm/repos" from vault: no secret "helm/repos" not found in vault
Read credentials for http://chartmuseum.jenkins-x.io from vault helm/repos
Successfully added Helm repository chartmuseum.jenkins-x.io.
