
Showing logs for build [32mcb-kubecd-environment-pr-202-13-w9cqk-1[0m stage [32mfrom-build-pack[0m and container [32mstep-credential-initializer-btck2[0m
{"level":"info","ts":1587029343.9330018,"logger":"fallback-logger","caller":"logging/config.go:69","msg":"Fetch GitHub commit ID from kodata failed: open /var/run/ko/refs/heads/0.8.0-ns-support: no such file or directory"}
{"level":"info","ts":1587029343.9337285,"logger":"fallback-logger","caller":"creds-init/main.go:40","msg":"Credentials initialized."}

Showing logs for build [32mcb-kubecd-environment-pr-202-13-w9cqk-1[0m stage [32mfrom-build-pack[0m and container [32mstep-working-dir-initializer-t7r2n[0m
{"level":"info","ts":1587029344.9719284,"logger":"fallback-logger","caller":"logging/config.go:69","msg":"Fetch GitHub commit ID from kodata failed: open /var/run/ko/HEAD: no such file or directory"}
{"level":"info","ts":1587029344.9815276,"logger":"fallback-logger","caller":"bash/main.go:64","msg":"Successfully executed command \"sh -c mkdir -p /workspace/source\"; output "}

Showing logs for build [32mcb-kubecd-environment-pr-202-13-w9cqk-1[0m stage [32mfrom-build-pack[0m and container [32mstep-place-tools[0m

Showing logs for build [32mcb-kubecd-environment-pr-202-13-w9cqk-1[0m stage [32mfrom-build-pack[0m and container [32mstep-git-source-cb-kubecd-environment-pr-202-13-w9cqk-bhrjg[0m
{"level":"info","ts":1587029349.2696157,"logger":"fallback-logger","caller":"logging/config.go:69","msg":"Fetch GitHub commit ID from kodata failed: open /var/run/ko/refs/heads/0.8.0-ns-support: no such file or directory"}
{"level":"info","ts":1587029350.353638,"logger":"fallback-logger","caller":"git/git.go:103","msg":"Successfully cloned https://github.com/cb-kubecd/environment-pr-202-13-boot-gke-staging.git @ master in path /workspace/source"}

Showing logs for build [32mcb-kubecd-environment-pr-202-13-w9cqk-1[0m stage [32mfrom-build-pack[0m and container [32mstep-git-merge[0m
Using SHAs from PULL_REFS=master:2bf1235c5e774017a18e7fad4f9204c541310dcf,5:1e880d0f3fa4fd3f403b7d19f93158b07eeb4e25
DEBUG: LC_ALL=C JX_LOG_LEVEL=error git fetch origin --unshallow 1e880d0f3fa4fd3f403b7d19f93158b07eeb4e25: 2bf1235c5e774017a18e7fad4f9204c541310dcf:
DEBUG: ran git fetch --unshallow origin 1e880d0f3fa4fd3f403b7d19f93158b07eeb4e25: 2bf1235c5e774017a18e7fad4f9204c541310dcf: in 
DEBUG: LC_ALL=C JX_LOG_LEVEL=error git branch
DEBUG: JX_LOG_LEVEL=error LC_ALL=C git checkout master
DEBUG: ran git checkout master in 
DEBUG: JX_LOG_LEVEL=error LC_ALL=C git reset --hard 2bf1235c5e774017a18e7fad4f9204c541310dcf
DEBUG: ran git reset --hard 2bf1235c5e774017a18e7fad4f9204c541310dcf in 
DEBUG: JX_LOG_LEVEL=error LC_ALL=C git clean -fd .
DEBUG: ran clean --force -d . in 
DEBUG: LC_ALL=C JX_LOG_LEVEL=error git merge 1e880d0f3fa4fd3f403b7d19f93158b07eeb4e25
DEBUG: ran git merge 1e880d0f3fa4fd3f403b7d19f93158b07eeb4e25 in 
DEBUG: LC_ALL=C JX_LOG_LEVEL=error git log --format=%H%x1f%an%x1f%ae%x1f%cn%x1f%ce%x1f%s%n%b%x1e 2bf1235c5e774017a18e7fad4f9204c541310dcf..HEAD
Merged SHA 1e880d0f3fa4fd3f403b7d19f93158b07eeb4e25 with commit message 'chore: Promote bdd-nh-import-1587029191 to version 0.0.1' into base branch master

Showing logs for build [32mcb-kubecd-environment-pr-202-13-w9cqk-1[0m stage [32mfrom-build-pack[0m and container [32mstep-build-helm-build[0m
WARNING: No $CHART_REPOSITORY defined so using the default value of: http://jenkins-x-chartmuseum:8080
Adding missing Helm repo: storage.googleapis.com https://storage.googleapis.com/chartmuseum.jenkins-x.io
WARNING: No secrets found on "helm/repos" due: reading the secret "helm/repos" from vault: no secret "helm/repos" not found in vault
Read credentials for https://storage.googleapis.com/chartmuseum.jenkins-x.io from vault helm/repos
Successfully added Helm repository storage.googleapis.com.
Adding missing Helm repo: jenkins-x-chartmuseum http://jenkins-x-chartmuseum:8080
WARNING: No secrets found on "helm/repos" due: reading the secret "helm/repos" from vault: no secret "helm/repos" not found in vault
Read credentials for http://jenkins-x-chartmuseum:8080 from vault helm/repos
Successfully added Helm repository jenkins-x-chartmuseum.
WARNING: No $CHART_REPOSITORY defined so using the default value of: http://jenkins-x-chartmuseum:8080
Adding missing Helm repo: chartmuseum.jenkins-x.io http://chartmuseum.jenkins-x.io
WARNING: No secrets found on "helm/repos" due: reading the secret "helm/repos" from vault: no secret "helm/repos" not found in vault
Read credentials for http://chartmuseum.jenkins-x.io from vault helm/repos
Successfully added Helm repository chartmuseum.jenkins-x.io.
