
Showing logs for build [32mcb-kubecd-environment-pr-202-13-d2fcq-1[0m stage [32mfrom-build-pack[0m and container [32mstep-credential-initializer-sld4x[0m
{"level":"info","ts":1587026111.4244583,"logger":"fallback-logger","caller":"logging/config.go:69","msg":"Fetch GitHub commit ID from kodata failed: open /var/run/ko/refs/heads/0.8.0-ns-support: no such file or directory"}
{"level":"info","ts":1587026111.4252594,"logger":"fallback-logger","caller":"creds-init/main.go:40","msg":"Credentials initialized."}

Showing logs for build [32mcb-kubecd-environment-pr-202-13-d2fcq-1[0m stage [32mfrom-build-pack[0m and container [32mstep-working-dir-initializer-tsvq2[0m
{"level":"info","ts":1587026112.3951917,"logger":"fallback-logger","caller":"logging/config.go:69","msg":"Fetch GitHub commit ID from kodata failed: open /var/run/ko/HEAD: no such file or directory"}
{"level":"info","ts":1587026112.3967178,"logger":"fallback-logger","caller":"bash/main.go:64","msg":"Successfully executed command \"sh -c mkdir -p /workspace/source\"; output "}

Showing logs for build [32mcb-kubecd-environment-pr-202-13-d2fcq-1[0m stage [32mfrom-build-pack[0m and container [32mstep-place-tools[0m

Showing logs for build [32mcb-kubecd-environment-pr-202-13-d2fcq-1[0m stage [32mfrom-build-pack[0m and container [32mstep-git-source-cb-kubecd-environment-pr-202-13-d2fcq-mktdr[0m
{"level":"info","ts":1587026139.4081202,"logger":"fallback-logger","caller":"logging/config.go:69","msg":"Fetch GitHub commit ID from kodata failed: open /var/run/ko/refs/heads/0.8.0-ns-support: no such file or directory"}
{"level":"info","ts":1587026140.619112,"logger":"fallback-logger","caller":"git/git.go:103","msg":"Successfully cloned https://github.com/cb-kubecd/environment-pr-202-13-boot-gke-staging.git @ master in path /workspace/source"}

Showing logs for build [32mcb-kubecd-environment-pr-202-13-d2fcq-1[0m stage [32mfrom-build-pack[0m and container [32mstep-git-merge[0m
Using SHAs from PULL_REFS=master:4ff59b4484868bd58d4e78fdf4294bf0ac715981,1:fa6178f2fd6562b79390a8b3619a49a7f8981d2d
DEBUG: LC_ALL=C JX_LOG_LEVEL=error git fetch origin --unshallow fa6178f2fd6562b79390a8b3619a49a7f8981d2d: 4ff59b4484868bd58d4e78fdf4294bf0ac715981:
DEBUG: ran git fetch --unshallow origin fa6178f2fd6562b79390a8b3619a49a7f8981d2d: 4ff59b4484868bd58d4e78fdf4294bf0ac715981: in 
DEBUG: LC_ALL=C JX_LOG_LEVEL=error git branch
DEBUG: LC_ALL=C JX_LOG_LEVEL=error git checkout master
DEBUG: ran git checkout master in 
DEBUG: LC_ALL=C JX_LOG_LEVEL=error git reset --hard 4ff59b4484868bd58d4e78fdf4294bf0ac715981
DEBUG: ran git reset --hard 4ff59b4484868bd58d4e78fdf4294bf0ac715981 in 
DEBUG: LC_ALL=C JX_LOG_LEVEL=error git clean -fd .
DEBUG: ran clean --force -d . in 
DEBUG: JX_LOG_LEVEL=error LC_ALL=C git merge fa6178f2fd6562b79390a8b3619a49a7f8981d2d
DEBUG: ran git merge fa6178f2fd6562b79390a8b3619a49a7f8981d2d in 
DEBUG: LC_ALL=C JX_LOG_LEVEL=error git log --format=%H%x1f%an%x1f%ae%x1f%cn%x1f%ce%x1f%s%n%b%x1e 4ff59b4484868bd58d4e78fdf4294bf0ac715981..HEAD
Merged SHA fa6178f2fd6562b79390a8b3619a49a7f8981d2d with commit message 'chore: Promote bdd-spring-1587025716 to version 0.0.1' into base branch master

Showing logs for build [32mcb-kubecd-environment-pr-202-13-d2fcq-1[0m stage [32mfrom-build-pack[0m and container [32mstep-build-helm-build[0m
WARNING: No $CHART_REPOSITORY defined so using the default value of: http://jenkins-x-chartmuseum:8080
Adding missing Helm repo: storage.googleapis.com https://storage.googleapis.com/chartmuseum.jenkins-x.io
WARNING: No secrets found on "helm/repos" due: reading the secret "helm/repos" from vault: no secret "helm/repos" not found in vault
Read credentials for https://storage.googleapis.com/chartmuseum.jenkins-x.io from vault helm/repos
Successfully added Helm repository storage.googleapis.com.
Adding missing Helm repo: jenkins-x-chartmuseum http://jenkins-x-chartmuseum:8080
WARNING: No secrets found on "helm/repos" due: reading the secret "helm/repos" from vault: no secret "helm/repos" not found in vault
Read credentials for http://jenkins-x-chartmuseum:8080 from vault helm/repos
Successfully added Helm repository jenkins-x-chartmuseum.
WARNING: No $CHART_REPOSITORY defined so using the default value of: http://jenkins-x-chartmuseum:8080
Adding missing Helm repo: chartmuseum.jenkins-x.io http://chartmuseum.jenkins-x.io
WARNING: No secrets found on "helm/repos" due: reading the secret "helm/repos" from vault: no secret "helm/repos" not found in vault
Read credentials for http://chartmuseum.jenkins-x.io from vault helm/repos
Successfully added Helm repository chartmuseum.jenkins-x.io.
