
Showing logs for build [32mcb-kubecd-environment-pr-202-13-gkpzv-1[0m stage [32mfrom-build-pack[0m and container [32mstep-credential-initializer-vq7mc[0m
{"level":"info","ts":1587028725.2760882,"logger":"fallback-logger","caller":"logging/config.go:69","msg":"Fetch GitHub commit ID from kodata failed: open /var/run/ko/refs/heads/0.8.0-ns-support: no such file or directory"}
{"level":"info","ts":1587028725.2767313,"logger":"fallback-logger","caller":"creds-init/main.go:40","msg":"Credentials initialized."}

Showing logs for build [32mcb-kubecd-environment-pr-202-13-gkpzv-1[0m stage [32mfrom-build-pack[0m and container [32mstep-working-dir-initializer-8bx9v[0m
{"level":"info","ts":1587028726.6348321,"logger":"fallback-logger","caller":"logging/config.go:69","msg":"Fetch GitHub commit ID from kodata failed: open /var/run/ko/HEAD: no such file or directory"}
{"level":"info","ts":1587028726.6363122,"logger":"fallback-logger","caller":"bash/main.go:64","msg":"Successfully executed command \"sh -c mkdir -p /workspace/source\"; output "}

Showing logs for build [32mcb-kubecd-environment-pr-202-13-gkpzv-1[0m stage [32mfrom-build-pack[0m and container [32mstep-place-tools[0m

Showing logs for build [32mcb-kubecd-environment-pr-202-13-gkpzv-1[0m stage [32mfrom-build-pack[0m and container [32mstep-git-source-cb-kubecd-environment-pr-202-13-gkpzv-mg6fs[0m
{"level":"info","ts":1587028731.7950387,"logger":"fallback-logger","caller":"logging/config.go:69","msg":"Fetch GitHub commit ID from kodata failed: open /var/run/ko/refs/heads/0.8.0-ns-support: no such file or directory"}
{"level":"info","ts":1587028732.916167,"logger":"fallback-logger","caller":"git/git.go:103","msg":"Successfully cloned https://github.com/cb-kubecd/environment-pr-202-13-boot-gke-staging.git @ master in path /workspace/source"}

Showing logs for build [32mcb-kubecd-environment-pr-202-13-gkpzv-1[0m stage [32mfrom-build-pack[0m and container [32mstep-git-merge[0m
Using SHAs from PULL_REFS=master:f8fa6d76fd4fbaf223d9fff749880cb6d9a58a3a,4:24959e7bbb0bf37aabc578603a72556eb870a93b
DEBUG: JX_LOG_LEVEL=error LC_ALL=C git fetch origin --unshallow 24959e7bbb0bf37aabc578603a72556eb870a93b: f8fa6d76fd4fbaf223d9fff749880cb6d9a58a3a:
DEBUG: ran git fetch --unshallow origin 24959e7bbb0bf37aabc578603a72556eb870a93b: f8fa6d76fd4fbaf223d9fff749880cb6d9a58a3a: in 
DEBUG: LC_ALL=C JX_LOG_LEVEL=error git branch
DEBUG: LC_ALL=C JX_LOG_LEVEL=error git checkout master
DEBUG: ran git checkout master in 
DEBUG: LC_ALL=C JX_LOG_LEVEL=error git reset --hard f8fa6d76fd4fbaf223d9fff749880cb6d9a58a3a
DEBUG: ran git reset --hard f8fa6d76fd4fbaf223d9fff749880cb6d9a58a3a in 
DEBUG: JX_LOG_LEVEL=error LC_ALL=C git clean -fd .
DEBUG: ran clean --force -d . in 
DEBUG: LC_ALL=C JX_LOG_LEVEL=error git merge 24959e7bbb0bf37aabc578603a72556eb870a93b
DEBUG: ran git merge 24959e7bbb0bf37aabc578603a72556eb870a93b in 
DEBUG: LC_ALL=C JX_LOG_LEVEL=error git log --format=%H%x1f%an%x1f%ae%x1f%cn%x1f%ce%x1f%s%n%b%x1e f8fa6d76fd4fbaf223d9fff749880cb6d9a58a3a..HEAD
Merged SHA 24959e7bbb0bf37aabc578603a72556eb870a93b with commit message 'chore: Promote bdd-nh-1587026862 to version 0.0.1' into base branch master

Showing logs for build [32mcb-kubecd-environment-pr-202-13-gkpzv-1[0m stage [32mfrom-build-pack[0m and container [32mstep-build-helm-build[0m
WARNING: No $CHART_REPOSITORY defined so using the default value of: http://jenkins-x-chartmuseum:8080
Adding missing Helm repo: storage.googleapis.com https://storage.googleapis.com/chartmuseum.jenkins-x.io
WARNING: No secrets found on "helm/repos" due: reading the secret "helm/repos" from vault: no secret "helm/repos" not found in vault
Read credentials for https://storage.googleapis.com/chartmuseum.jenkins-x.io from vault helm/repos
Successfully added Helm repository storage.googleapis.com.
Adding missing Helm repo: jenkins-x-chartmuseum http://jenkins-x-chartmuseum:8080
WARNING: No secrets found on "helm/repos" due: reading the secret "helm/repos" from vault: no secret "helm/repos" not found in vault
Read credentials for http://jenkins-x-chartmuseum:8080 from vault helm/repos
Successfully added Helm repository jenkins-x-chartmuseum.
WARNING: No $CHART_REPOSITORY defined so using the default value of: http://jenkins-x-chartmuseum:8080
Adding missing Helm repo: chartmuseum.jenkins-x.io http://chartmuseum.jenkins-x.io
WARNING: No secrets found on "helm/repos" due: reading the secret "helm/repos" from vault: no secret "helm/repos" not found in vault
Read credentials for http://chartmuseum.jenkins-x.io from vault helm/repos
Successfully added Helm repository chartmuseum.jenkins-x.io.
